<?xml version="1.0" encoding="UTF-8"?>
<!-- Generated by org.testng.reporters.JUnitReportReporter -->
<testsuite skipped="0" hostname="DESKTOP-MK14J13" name="testNG.concepts.TestNGAnnotations" tests="4" failures="0" timestamp="28 Oct 2020 23:51:37 GMT" time="0.007" errors="0">
  <testcase name="test_without_priority" time="0.004" classname="testNG.concepts.TestNGAnnotations"/>
  <testcase name="test_one" time="0.002" classname="testNG.concepts.TestNGAnnotations"/>
  <testcase name="test_two" time="0.000" classname="testNG.concepts.TestNGAnnotations"/>
  <testcase name="test_three" time="0.001" classname="testNG.concepts.TestNGAnnotations"/>
</testsuite> <!-- testNG.concepts.TestNGAnnotations -->
