<?xml version="1.0" encoding="UTF-8"?>
<!-- Generated by org.testng.reporters.JUnitReportReporter -->
<testsuite skipped="0" hostname="DESKTOP-MK14J13" name="testNG.concepts.TestNGGroups" tests="5" failures="0" timestamp="29 Oct 2020 01:01:42 GMT" time="0.005" errors="0">
  <testcase name="testRegression" time="0.002" classname="testNG.concepts.TestNGGroups"/>
  <testcase name="testSmoke_three" time="0.000" classname="testNG.concepts.TestNGGroups"/>
  <testcase name="testSmoke_two" time="0.001" classname="testNG.concepts.TestNGGroups"/>
  <testcase name="testRegression_two" time="0.001" classname="testNG.concepts.TestNGGroups"/>
  <testcase name="testSmoke" time="0.001" classname="testNG.concepts.TestNGGroups"/>
</testsuite> <!-- testNG.concepts.TestNGGroups -->
