<?xml version="1.0" encoding="UTF-8"?>
<!-- Generated by org.testng.reporters.JUnitReportReporter -->
<testsuite skipped="1" hostname="DESKTOP-MK14J13" name="testNG.concepts.TestNGDataDrivenConcepts" tests="4" failures="0" timestamp="29 Oct 2020 23:59:04 GMT" time="0.009" errors="0">
  <testcase name="dataProviderExample" time="0.002" classname="testNG.concepts.TestNGDataDrivenConcepts"/>
  <testcase name="dataProviderExample" time="0.005" classname="testNG.concepts.TestNGDataDrivenConcepts"/>
  <testcase name="dataProviderExample" time="0.002" classname="testNG.concepts.TestNGDataDrivenConcepts"/>
  <testcase name="parametersExample" classname="testNG.concepts.TestNGDataDrivenConcepts">
    <skipped/>
  </testcase> <!-- parametersExample -->
</testsuite> <!-- testNG.concepts.TestNGDataDrivenConcepts -->
