<?xml version="1.0" encoding="UTF-8"?>
<!-- Generated by org.testng.reporters.JUnitReportReporter -->
<testsuite skipped="0" hostname="DESKTOP-MK14J13" name="testNG.concepts.NewTestClass" tests="1" failures="0" timestamp="05 Nov 2020 02:34:20 GMT" time="0.007" errors="0">
  <testcase name="newTestClass" time="0.007" classname="testNG.concepts.NewTestClass"/>
</testsuite> <!-- testNG.concepts.NewTestClass -->
